<?xml version="1.0" encoding="utf-8"?><testsuites><testsuite name="pytest" errors="0" failures="3" skipped="0" tests="1517" time="97.904" timestamp="2024-04-17T20:00:58.880180" hostname="b69bb4ffea3d"><testcase classname="database.tests.unit.test_events" name="test_shelter_repo_sync" time="0.358" /><testcase classname="database.tests.unit.test_model_utils.TestArchiveField" name="test_archive_getter_db_field_set" time="0.005" /><testcase classname="database.tests.unit.test_model_utils.TestArchiveField" name="test_archive_getter_archive_field_set" time="0.007" /><testcase classname="database.tests.unit.test_model_utils.TestArchiveField" name="test_archive_getter_file_not_in_storage" time="0.114" /><testcase classname="database.tests.unit.test_model_utils.TestArchiveField" name="test_archive_setter_db_field" time="0.009" /><testcase classname="database.tests.unit.test_model_utils.TestArchiveField" name="test_archive_setter_archive_field" time="0.009" /><testcase classname="database.tests.unit.test_models.TestReprModels" name="test_owner_repr" time="0.011" /><testcase classname="database.tests.unit.test_models.TestReprModels" name="test_repo_repr" time="0.009" /><testcase classname="database.tests.unit.test_models.TestReprModels" name="test_commit_repr" time="0.012" /><testcase classname="database.tests.unit.test_models.TestReprModels" name="test_branch_repr" time="0.010" /><testcase classname="database.tests.unit.test_models.TestReprModels" name="test_pull_repr" time="0.011" /><testcase classname="database.tests.unit.test_models.TestReprModels" name="test_notification_repr" time="0.011" /><testcase classname="database.tests.unit.test_models.TestReprModels" name="test_commit_compare_repr" time="0.008" /><testcase classname="database.tests.unit.test_models.TestReprModels" name="test_commit_notified" time="0.010" /><testcase classname="database.tests.unit.test_models.TestPullModel" name="test_updatestamp_update" time="0.010" /><testcase classname="database.tests.unit.test_models.TestReportDetailsModel" name="test_get_files_array_from_db" time="0.014" /><testcase classname="database.tests.unit.test_models.TestReportDetailsModel" name="test_get_files_array_from_storage" time="0.013" /><testcase classname="database.tests.unit.test_models.TestReportDetailsModel" name="test_get_files_array_from_storage_error" time="0.118" /><testcase classname="database.tests.unit.test_models.TestReportDetailsModel" name="test__should_write_to_storage" time="0.024" /><testcase classname="database.tests.unit.test_models.TestReportDetailsModel" name="test_set_files_array_to_db" time="0.014" /><testcase classname="database.tests.unit.test_models.TestReportDetailsModel" name="test_set_files_array_to_storage" time="0.014" /><testcase classname="database.tests.unit.test_models.TestCommitModel" name="test_get_report_from_db" time="0.011" /><testcase classname="database.tests.unit.test_models.TestCommitModel" name="test_get_report_from_storage" time="0.013" /><testcase classname="database.tests.unit.test_models.TestCommitModel" name="test_get_report_from_storage_file_not_found" time="0.115" /><testcase classname="database.tests.unit.test_models.TestGithubAppInstallationModel" name="test_covers_all_repos" time="0.021" /><testcase classname="database.tests.unit.test_models.TestGithubAppInstallationModel" name="test_covers_some_repos" time="0.016" /><testcase classname="database.tests.unit.test_models.TestGithubAppInstallationModel" name="test_is_configured" time="0.006" /><testcase classname="helpers.tests.unit.test_commit_error.TestSaveCommitError" name="test_save_commit_error" time="0.015" /><testcase classname="helpers.tests.unit.test_commit_error.TestSaveCommitError" name="test_save_commit_error_already_saved" time="0.013" /><testcase classname="helpers.tests.unit.test_github_installation" name="test_get_installation_name_for_owner_for_task" time="0.010" /><testcase classname="helpers.tests.unit.test_telemetry.TestMetricContext" name="test_populate_complete" time="0.016" /><testcase classname="helpers.tests.unit.test_telemetry.TestMetricContext" name="test_populate_no_repo" time="0.013" /><testcase classname="helpers.tests.unit.test_telemetry.TestMetricContext" name="test_log_simple_metric" time="3.715" /><testcase classname="helpers.tests.unit.test_telemetry.TestMetricContext" name="test_attempt_log_simple_metric" time="0.012" /><testcase classname="helpers.tests.unit.test_telemetry.TestTimeseriesTimer" name="test_sync" time="0.005" /><testcase classname="helpers.tests.unit.test_telemetry.TestTimeseriesTimer" name="test_async" time="0.006" /><testcase classname="services.comparison.tests.unit.test_get_or_create_comparison.TestGetOrCreateComparison" name="test_get_or_create_existing_comparison" time="0.014" /><testcase classname="services.comparison.tests.unit.test_get_or_create_comparison.TestGetOrCreateComparison" name="test_get_or_create_new_comparison" time="0.012" /><testcase classname="services.comparison.tests.unit.overlay.test_critical_path" name="test_load_critical_path_report" time="0.018" /><testcase classname="services.comparison.tests.unit.overlay.test_critical_path" name="test_load_critical_path_report_not_summarized" time="0.017" /><testcase classname="services.comparison.tests.unit.overlay.test_critical_path" name="test_load_critical_path_report_no_commit" time="0.014" /><testcase classname="services.comparison.tests.unit.overlay.test_critical_path" name="test_load_critical_path_report_yes_commit_no_storage" time="0.016" /><testcase classname="services.comparison.tests.unit.overlay.test_critical_path" name="test_critical_files_from_yaml_no_paths" time="0.014" /><testcase classname="services.comparison.tests.unit.overlay.test_critical_path" name="test_critical_files_from_yaml_with_paths" time="0.013" /><testcase classname="services.comparison.tests.unit.overlay.test_critical_path" name="test_critical_files_from_yaml_with_paths_get_yaml_from_provider" time="0.017" /><testcase classname="services.comparison.tests.unit.overlay.test_critical_path.TestCriticalPathOverlay" name="test_search_files_for_critical_changes_none_report" time="0.013" /><testcase classname="services.comparison.tests.unit.overlay.test_critical_path.TestCriticalPathOverlay" name="test_search_files_for_critical_changes_none_report_with_yaml_path" time="0.012" /><testcase classname="services.comparison.tests.unit.overlay.test_critical_path.TestCriticalPathOverlay" name="test_find_impacted_endpoints_no_analyzer" time="0.012" /><testcase classname="services.comparison.tests.unit.overlay.test_critical_path.TestCriticalPathOverlay" name="test_find_impacted_endpoints" time="0.022" /><testcase classname="services.notification.notifiers.tests.integration.test_comment.TestCommentNotifierIntegration" name="test_notify" time="0.183" /><testcase classname="services.notification.notifiers.tests.integration.test_comment.TestCommentNotifierIntegration" name="test_notify_upgrade" time="0.029" /><testcase classname="services.notification.notifiers.tests.integration.test_comment.TestCommentNotifierIntegration" name="test_notify_upload_limited" time="0.029" /><testcase classname="services.notification.notifiers.tests.integration.test_comment.TestCommentNotifierIntegration" name="test_notify_gitlab" time="0.064" /><testcase classname="services.notification.notifiers.tests.integration.test_comment.TestCommentNotifierIntegration" name="test_notify_new_layout" time="0.140" /><testcase classname="services.notification.notifiers.tests.integration.test_comment.TestCommentNotifierIntegration" name="test_notify_with_components" time="0.134" /><testcase classname="services.notification.notifiers.tests.unit.test_checks.TestChecksWithFallback" name="test_checks_403_failure" time="0.120" /><testcase classname="services.notification.notifiers.tests.unit.test_checks.TestChecksWithFallback" name="test_checks_failure" time="0.023" /><testcase classname="services.notification.notifiers.tests.unit.test_checks.TestChecksWithFallback" name="test_checks_no_pull" time="0.014" /><testcase classname="services.notification.notifiers.tests.unit.test_checks.TestChecksWithFallback" name="test_notify_pull_request_not_in_provider" time="0.015" /><testcase classname="services.notification.notifiers.tests.unit.test_checks.TestChecksWithFallback" name="test_notify_closed_pull_request" time="0.018" /><testcase classname="services.notification.notifiers.tests.unit.test_checks.TestBaseChecksNotifier" name="test_create_annotations_single_segment" time="0.014" /><testcase classname="services.notification.notifiers.tests.unit.test_checks.TestBaseChecksNotifier" name="test_create_annotations_multiple_segments" time="0.013" /><testcase classname="services.notification.notifiers.tests.unit.test_checks.TestBaseChecksNotifier" name="test_get_lines_to_annotate_no_consecutive_lines" time="0.014" /><testcase classname="services.notification.notifiers.tests.unit.test_checks.TestBaseChecksNotifier" name="test_get_lines_to_annotate_consecutive_lines" time="0.013" /><testcase classname="services.notification.notifiers.tests.unit.test_checks.TestPatchChecksNotifier" name="test_paginate_annotations" time="0.018" /><testcase classname="services.notification.notifiers.tests.unit.test_checks.TestPatchChecksNotifier" name="test_build_flag_payload" time="0.019" /><testcase classname="services.notification.notifiers.tests.unit.test_checks.TestPatchChecksNotifier" name="test_build_upgrade_payload" time="0.019" /><testcase classname="services.notification.notifiers.tests.unit.test_checks.TestPatchChecksNotifier" name="test_build_default_payload" time="0.021" /><testcase classname="services.notification.notifiers.tests.unit.test_checks.TestPatchChecksNotifier" name="test_build_payload_target_coverage_failure" time="0.019" /><testcase classname="services.notification.notifiers.tests.unit.test_checks.TestPatchChecksNotifier" name="test_build_payload_without_base_report" time="0.018" /><testcase classname="services.notification.notifiers.tests.unit.test_checks.TestPatchChecksNotifier" name="test_build_payload_target_coverage_failure_witinh_threshold" time="0.021" /><testcase classname="services.notification.notifiers.tests.unit.test_checks.TestPatchChecksNotifier" name="test_build_payload_with_multiple_changes" time="0.050" /><testcase classname="services.notification.notifiers.tests.unit.test_checks.TestPatchChecksNotifier" name="test_build_payload_no_diff" time="0.020" /><testcase classname="services.notification.notifiers.tests.unit.test_checks.TestPatchChecksNotifier" name="test_send_notification" time="0.018" /><testcase classname="services.notification.notifiers.tests.unit.test_checks.TestPatchChecksNotifier" name="test_send_notification_annotations_paginations" time="0.018" /><testcase classname="services.notification.notifiers.tests.unit.test_checks.TestPatchChecksNotifier" name="test_notify" time="0.022" /><testcase classname="services.notification.notifiers.tests.unit.test_checks.TestPatchChecksNotifier" name="test_notify_passing_empty_upload" time="0.022" /><testcase classname="services.notification.notifiers.tests.unit.test_checks.TestPatchChecksNotifier" name="test_notify_failing_empty_upload" time="0.020" /><testcase classname="services.notification.notifiers.tests.unit.test_checks.TestPatchChecksNotifier" name="test_notification_exception" time="0.016" /><testcase classname="services.notification.notifiers.tests.unit.test_checks.TestPatchChecksNotifier" name="test_checks_with_after_n_builds" time="0.016" /><testcase classname="services.notification.notifiers.tests.unit.test_checks.TestChangesChecksNotifier" name="test_build_payload" time="0.022" /><testcase classname="services.notification.notifiers.tests.unit.test_checks.TestChangesChecksNotifier" name="test_build_upgrade_payload" time="0.020" /><testcase classname="services.notification.notifiers.tests.unit.test_checks.TestChangesChecksNotifier" name="test_build_payload_with_multiple_changes" time="0.132" /><testcase classname="services.notification.notifiers.tests.unit.test_checks.TestChangesChecksNotifier" name="test_build_payload_without_base_report" time="0.018" /><testcase classname="services.notification.notifiers.tests.unit.test_checks.TestChangesChecksNotifier" name="test_build_failing_empty_upload_payload" time="0.019" /><testcase classname="services.notification.notifiers.tests.unit.test_checks.TestProjectChecksNotifier" name="test_analytics_url" time="0.021" /><testcase classname="services.notification.notifiers.tests.unit.test_checks.TestProjectChecksNotifier" name="test_build_flag_payload" time="0.020" /><testcase classname="services.notification.notifiers.tests.unit.test_checks.TestProjectChecksNotifier" name="test_build_upgrade_payload" time="0.019" /><testcase classname="services.notification.notifiers.tests.unit.test_checks.TestProjectChecksNotifier" name="test_build_passing_empty_upload_payload" time="0.017" /><testcase classname="services.notification.notifiers.tests.unit.test_checks.TestProjectChecksNotifier" name="test_build_default_payload" time="0.024" /><testcase classname="services.notification.notifiers.tests.unit.test_checks.TestProjectChecksNotifier" name="test_build_default_payload_with_flags" time="0.023" /><testcase classname="services.notification.notifiers.tests.unit.test_checks.TestProjectChecksNotifier" name="test_build_default_payload_with_flags_and_footer" time="0.022" /><testcase classname="services.notification.notifiers.tests.unit.test_checks.TestProjectChecksNotifier" name="test_build_default_payload_comment_off" time="0.020" /><testcase classname="services.notification.notifiers.tests.unit.test_checks.TestProjectChecksNotifier" name="test_build_default_payload_negative_change_comment_off" time="0.021" /><testcase classname="services.notification.notifiers.tests.unit.test_checks.TestProjectChecksNotifier" name="test_build_payload_not_auto" time="0.019" /><testcase classname="services.notification.notifiers.tests.unit.test_checks.TestProjectChecksNotifier" name="test_build_payload_no_base_report" time="0.018" /><testcase classname="services.notification.notifiers.tests.unit.test_checks.TestProjectChecksNotifier" name="test_check_notify_no_path_match" time="0.021" /><testcase classname="services.notification.notifiers.tests.unit.test_checks.TestProjectChecksNotifier" name="test_check_notify_single_path_match" time="0.021" /><testcase classname="services.notification.notifiers.tests.unit.test_checks.TestProjectChecksNotifier" name="test_check_notify_multiple_path_match" time="0.022" /><testcase classname="services.notification.notifiers.tests.unit.test_checks.TestProjectChecksNotifier" name="test_check_notify_with_paths" time="0.021" /><testcase classname="services.notification.notifiers.tests.unit.test_checks.TestProjectChecksNotifier" name="test_notify_pass_behavior_when_coverage_not_uploaded" time="0.041" /><testcase classname="services.notification.notifiers.tests.unit.test_checks.TestProjectChecksNotifier" name="test_notify_pass_behavior_when_coverage_uploaded" time="0.035" /><testcase classname="services.notification.notifiers.tests.unit.test_checks.TestProjectChecksNotifier" name="test_notify_include_behavior_when_coverage_not_uploaded" time="0.036" /><testcase classname="services.notification.notifiers.tests.unit.test_checks.TestProjectChecksNotifier" name="test_notify_exclude_behavior_when_coverage_not_uploaded" time="0.033" /><testcase classname="services.notification.notifiers.tests.unit.test_checks.TestProjectChecksNotifier" name="test_notify_exclude_behavior_when_coverage_uploaded" time="0.037" /><testcase classname="services.notification.notifiers.tests.unit.test_checks.TestProjectChecksNotifier" name="test_notify_exclude_behavior_when_some_coverage_uploaded" time="0.034" /><testcase classname="services.notification.notifiers.tests.unit.test_checks.TestProjectChecksNotifier" name="test_notify_exclude_behavior_no_flags" time="0.037" /><testcase classname="services.notification.notifiers.tests.unit.test_checks.TestProjectChecksNotifier" name="test_build_payload_comments_true" time="0.016" /><testcase classname="services.notification.notifiers.tests.unit.test_checks.TestProjectChecksNotifier" name="test_build_payload_comments_false" time="0.016" /><testcase classname="services.notification.notifiers.tests.unit.test_codecov_slack_app.TestCodecovSlackAppNotifier" name="test_is_enabled" time="0.015" /><testcase classname="services.notification.notifiers.tests.unit.test_codecov_slack_app.TestCodecovSlackAppNotifier" name="test_is_enable_false" time="0.015" /><testcase classname="services.notification.notifiers.tests.unit.test_codecov_slack_app.TestCodecovSlackAppNotifier" name="test_notification_type" time="0.014" /><testcase classname="services.notification.notifiers.tests.unit.test_codecov_slack_app.TestCodecovSlackAppNotifier" name="test_notify" time="0.017" /><testcase classname="services.notification.notifiers.tests.unit.test_codecov_slack_app.TestCodecovSlackAppNotifier" name="test_notify_failure" time="0.016" /><testcase classname="services.notification.notifiers.tests.unit.test_codecov_slack_app.TestCodecovSlackAppNotifier" name="test_notify_request_being_called" time="0.017" /><testcase classname="services.notification.notifiers.tests.unit.test_comment.TestCommentNotifierHelpers" name="test__possibly_write_gh_app_login_announcement_should_add_announcement" time="0.011" /><testcase classname="services.notification.notifiers.tests.unit.test_comment.TestCommentNotifierHelpers" name="test__possibly_write_gh_app_login_announcement_already_using_integration" time="0.008" /><testcase classname="services.notification.notifiers.tests.unit.test_comment.TestCommentNotifierHelpers" name="test__possibly_write_gh_app_login_announcement_has_ghapp_installation" time="0.011" /><testcase classname="services.notification.notifiers.tests.unit.test_comment.TestCommentNotifierHelpers" name="test__possibly_write_gh_app_login_announcement_enterprise" time="0.010" /><testcase classname="services.notification.notifiers.tests.unit.test_comment.TestCommentNotifier" name="test_is_enabled_settings_individual_settings_false" time="0.008" /><testcase classname="services.notification.notifiers.tests.unit.test_comment.TestCommentNotifier" name="test_is_enabled_settings_individual_settings_none" time="0.008" /><testcase classname="services.notification.notifiers.tests.unit.test_comment.TestCommentNotifier" name="test_is_enabled_settings_individual_settings_true" time="0.008" /><testcase classname="services.notification.notifiers.tests.unit.test_comment.TestCommentNotifier" name="test_is_enabled_settings_individual_settings_dict" time="0.007" /><testcase classname="services.notification.notifiers.tests.unit.test_comment.TestCommentNotifier" name="test_create_message_files_section" time="0.029" /><testcase classname="services.notification.notifiers.tests.unit.test_comment.TestCommentNotifier" name="test_create_message_files_section_with_critical_files" time="0.030" /><testcase classname="services.notification.notifiers.tests.unit.test_comment.TestCommentNotifier" name="test_build_message" time="0.026" /><testcase classname="services.notification.notifiers.tests.unit.test_comment.TestCommentNotifier" name="test_build_message_flags_empty_coverage" time="0.025" /><testcase classname="services.notification.notifiers.tests.unit.test_comment.TestCommentNotifier" name="test_build_message_more_sections" time="0.027" /><testcase classname="services.notification.notifiers.tests.unit.test_comment.TestCommentNotifier" name="test_build_upgrade_message" time="0.018" /><testcase classname="services.notification.notifiers.tests.unit.test_comment.TestCommentNotifier" name="test_build_limited_upload_message" time="0.017" /><testcase classname="services.notification.notifiers.tests.unit.test_comment.TestCommentNotifier" name="test_build_passing_empty_upload" time="0.017" /><testcase classname="services.notification.notifiers.tests.unit.test_comment.TestCommentNotifier" name="test_build_failing_empty_upload" time="0.017" /><testcase classname="services.notification.notifiers.tests.unit.test_comment.TestCommentNotifier" name="test_processing_upload" time="0.017" /><testcase classname="services.notification.notifiers.tests.unit.test_comment.TestCommentNotifier" name="test_build_upgrade_message_enterprise" time="0.017" /><testcase classname="services.notification.notifiers.tests.unit.test_comment.TestCommentNotifier" name="test_build_message_hide_complexity" time="0.026" /><testcase classname="services.notification.notifiers.tests.unit.test_comment.TestCommentNotifier" name="test_build_message_no_base_report" time="0.025" /><testcase classname="services.notification.notifiers.tests.unit.test_comment.TestCommentNotifier" name="test_build_message_no_base_commit" time="0.023" /><testcase classname="services.notification.notifiers.tests.unit.test_comment.TestCommentNotifier" name="test_build_message_no_change" time="0.025" /><testcase classname="services.notification.notifiers.tests.unit.test_comment.TestCommentNotifier" name="test_build_message_negative_change" time="0.027" /><testcase classname="services.notification.notifiers.tests.unit.test_comment.TestCommentNotifier" name="test_build_message_negative_change_tricky_rounding" time="0.375" /><testcase classname="services.notification.notifiers.tests.unit.test_comment.TestCommentNotifier" name="test_build_message_negative_change_tricky_rounding_newheader" time="0.371" /><testcase classname="services.notification.notifiers.tests.unit.test_comment.TestCommentNotifier" name="test_build_message_show_carriedforward_flags_no_cf_coverage" time="0.093" /><testcase classname="services.notification.notifiers.tests.unit.test_comment.TestCommentNotifier" name="test_build_message_with_without_flags" time="0.043" /><testcase classname="services.notification.notifiers.tests.unit.test_comment.TestCommentNotifier" name="test_build_message_show_carriedforward_flags_has_cf_coverage" time="0.044" /><testcase classname="services.notification.notifiers.tests.unit.test_comment.TestCommentNotifier" name="test_build_message_hide_carriedforward_flags_has_cf_coverage" time="0.044" /><testcase classname="services.notification.notifiers.tests.unit.test_comment.TestCommentNotifier" name="test_send_actual_notification_spammy" time="0.022" /><testcase classname="services.notification.notifiers.tests.unit.test_comment.TestCommentNotifier" name="test_build_message_no_flags" time="0.026" /><testcase classname="services.notification.notifiers.tests.unit.test_comment.TestCommentNotifier" name="test_send_actual_notification_new_no_permissions" time="0.024" /><testcase classname="services.notification.notifiers.tests.unit.test_comment.TestCommentNotifier" name="test_send_actual_notification_new" time="0.022" /><testcase classname="services.notification.notifiers.tests.unit.test_comment.TestCommentNotifier" name="test_send_actual_notification_new_no_permissions_post" time="0.022" /><testcase classname="services.notification.notifiers.tests.unit.test_comment.TestCommentNotifier" name="test_send_actual_notification_new_deleted_comment" time="0.024" /><testcase classname="services.notification.notifiers.tests.unit.test_comment.TestCommentNotifier" name="test_send_actual_notification_once_deleted_comment" time="0.023" /><testcase classname="services.notification.notifiers.tests.unit.test_comment.TestCommentNotifier" name="test_send_actual_notification_once_non_existing_comment" time="0.022" /><testcase classname="services.notification.notifiers.tests.unit.test_comment.TestCommentNotifier" name="test_send_actual_notification_once" time="0.022" /><testcase classname="services.notification.notifiers.tests.unit.test_comment.TestCommentNotifier" name="test_send_actual_notification_once_no_permissions" time="0.023" /><testcase classname="services.notification.notifiers.tests.unit.test_comment.TestCommentNotifier" name="test_send_actual_notification_default" time="0.023" /><testcase classname="services.notification.notifiers.tests.unit.test_comment.TestCommentNotifier" name="test_send_actual_notification_default_no_permissions_edit" time="0.024" /><testcase classname="services.notification.notifiers.tests.unit.test_comment.TestCommentNotifier" name="test_send_actual_notification_default_no_permissions_twice" time="0.023" /><testcase classname="services.notification.notifiers.tests.unit.test_comment.TestCommentNotifier" name="test_send_actual_notification_default_comment_not_found" time="0.022" /><testcase classname="services.notification.notifiers.tests.unit.test_comment.TestCommentNotifier" name="test_notify_no_pull_request" time="0.013" /><testcase classname="services.notification.notifiers.tests.unit.test_comment.TestCommentNotifier" name="test_notify_pull_head_doesnt_match" time="0.016" /><testcase classname="services.notification.notifiers.tests.unit.test_comment.TestCommentNotifier" name="test_notify_pull_request_not_in_provider" time="0.016" /><testcase classname="services.notification.notifiers.tests.unit.test_comment.TestCommentNotifier" name="test_notify_server_unreachable" time="0.018" /><testcase classname="services.notification.notifiers.tests.unit.test_comment.TestCommentNotifier" name="test_store_results" time="0.017" /><testcase classname="services.notification.notifiers.tests.unit.test_comment.TestCommentNotifier" name="test_store_results_deleted_comment" time="0.018" /><testcase classname="services.notification.notifiers.tests.unit.test_comment.TestCommentNotifier" name="test_store_results_no_succesfull_result" time="0.015" /><testcase classname="services.notification.notifiers.tests.unit.test_comment.TestCommentNotifier" name="test_notify_closed_pull_request" time="0.016" /><testcase classname="services.notification.notifiers.tests.unit.test_comment.TestCommentNotifier" name="test_notify_unable_to_fetch_info" time="0.017" /><testcase classname="services.notification.notifiers.tests.unit.test_comment.TestCommentNotifier" name="test_notify_not_enough_builds" time="0.015" /><testcase classname="services.notification.notifiers.tests.unit.test_comment.TestCommentNotifier" name="test_notify_with_enough_builds" time="0.018" /><testcase classname="services.notification.notifiers.tests.unit.test_comment.TestCommentNotifier" name="test_has_enough_changes" time="0.023" /><testcase classname="services.notification.notifiers.tests.unit.test_comment.TestCommentNotifier" name="test_has_enough_changes_no_diff" time="0.021" /><testcase classname="services.notification.notifiers.tests.unit.test_comment.TestCommentNotifier" name="test_has_enough_changes_exact_same_report_diff_intersection_report" time="0.024" /><testcase classname="services.notification.notifiers.tests.unit.test_comment.TestCommentNotifier" name="test_has_enough_changes_exact_same_report_diff_unrelated_report" time="0.024" /><testcase classname="services.notification.notifiers.tests.unit.test_comment.TestCommentNotifier" name="test_has_enough_changes_exact_same_report_where_diff_has_covered_lines" time="0.024" /><testcase classname="services.notification.notifiers.tests.unit.test_comment.TestCommentNotifier" name="test_notify_exact_same_report_diff_unrelated_report" time="0.024" /><testcase classname="services.notification.notifiers.tests.unit.test_comment.TestCommentNotifier" name="test_notify_exact_same_report_diff_unrelated_report_deleting_comment" time="0.024" /><testcase classname="services.notification.notifiers.tests.unit.test_comment.TestCommentNotifier" name="test_notify_exact_same_report_diff_unrelated_report_deleting_comment_cant_delete" time="0.024" /><testcase classname="services.notification.notifiers.tests.unit.test_comment.TestCommentNotifier" name="test_message_hide_details_github" time="0.028" /><testcase classname="services.notification.notifiers.tests.unit.test_comment.TestCommentNotifier" name="test_message_announcements_only" time="0.026" /><testcase classname="services.notification.notifiers.tests.unit.test_comment.TestCommentNotifier" name="test_message_hide_details_bitbucket" time="0.027" /><testcase classname="services.notification.notifiers.tests.unit.test_comment.TestFileSectionWriter" name="test_filesection_no_extra_settings" time="0.014" /><testcase classname="services.notification.notifiers.tests.unit.test_comment.TestFileSectionWriter" name="test_file_with_critical" time="1.835" /><testcase classname="services.notification.notifiers.tests.unit.test_comment.TestFileSectionWriter" name="test_filesection_hide_project_cov" time="0.029" /><testcase classname="services.notification.notifiers.tests.unit.test_comment.TestFileSectionWriter" name="test_filesection_hide_project_cov_with_changed_files_but_no_missing_lines" time="0.019" /><testcase classname="services.notification.notifiers.tests.unit.test_comment.TestFileSectionWriter" name="test_filesection_hide_project_cov_no_files_changed" time="0.014" /><testcase classname="services.notification.notifiers.tests.unit.test_comment.TestImpactedEndpointWriter" name="test_impacted_endpoints_table" time="0.023" /><testcase classname="services.notification.notifiers.tests.unit.test_comment.TestImpactedEndpointWriter" name="test_impacted_endpoints_table_empty_list_result" time="0.024" /><testcase classname="services.notification.notifiers.tests.unit.test_comment.TestImpactedEndpointWriter" name="test_impacted_endpoints_table_none_result" time="0.023" /><testcase classname="services.notification.notifiers.tests.unit.test_comment.TestNewHeaderSectionWriter" name="test_new_header_section_writer" time="0.017" /><testcase classname="services.notification.notifiers.tests.unit.test_comment.TestNewHeaderSectionWriter" name="test_new_header_section_writer_with_behind_by" time="0.016" /><testcase classname="services.notification.notifiers.tests.unit.test_comment.TestNewHeaderSectionWriter" name="test_new_header_section_writer_test_results_setup" time="0.016" /><testcase classname="services.notification.notifiers.tests.unit.test_comment.TestNewHeaderSectionWriter" name="test_new_header_section_writer_no_project_coverage" time="0.016" /><testcase classname="services.notification.notifiers.tests.unit.test_comment.TestNewHeaderSectionWriter" name="test_new_header_section_writer_no_project_coverage_test_results_setup" time="0.015" /><testcase classname="services.notification.notifiers.tests.unit.test_comment.TestAnnouncementsSectionWriter" name="test_announcement_section_writer_ats" time="7.154" /><testcase classname="services.notification.notifiers.tests.unit.test_comment.TestCommentNotifierInNewLayout" name="test_create_message_files_section_with_critical_files_new_layout" time="0.030" /><testcase classname="services.notification.notifiers.tests.unit.test_comment.TestCommentNotifierInNewLayout" name="test_build_message_no_base_commit_new_layout" time="0.024" /><testcase classname="services.notification.notifiers.tests.unit.test_comment.TestCommentNotifierInNewLayout" name="test_build_message_no_base_report_new_layout" time="0.023" /><testcase classname="services.notification.notifiers.tests.unit.test_comment.TestCommentNotifierInNewLayout" name="test_build_message_no_project_coverage" time="0.024" /><testcase classname="services.notification.notifiers.tests.unit.test_comment.TestCommentNotifierInNewLayout" name="test_build_message_no_project_coverage_condensed_yaml_configs" time="0.025" /><testcase classname="services.notification.notifiers.tests.unit.test_comment.TestCommentNotifierInNewLayout" name="test_build_message_head_and_pull_head_differ_new_layout" time="0.026" /><testcase classname="services.notification.notifiers.tests.unit.test_comment.TestCommentNotifierInNewLayout" name="test_build_message_head_and_pull_head_differ_with_components" time="0.027" /><testcase classname="services.notification.notifiers.tests.unit.test_comment.TestCommentNotifierInNewLayout" name="test_build_message_team_plan_customer_missing_lines" time="0.026" /><testcase classname="services.notification.notifiers.tests.unit.test_comment.TestCommentNotifierInNewLayout" name="test_build_message_team_plan_customer_all_lines_covered" time="0.041" /><testcase classname="services.notification.notifiers.tests.unit.test_comment.TestCommentNotifierInNewLayout" name="test_build_message_no_patch_or_proj_change" time="0.045" /><testcase classname="services.notification.notifiers.tests.unit.test_comment.TestComponentWriterSection" name="test_write_message_component_section_empty" time="0.020" /><testcase classname="services.notification.notifiers.tests.unit.test_comment.TestComponentWriterSection" name="test_get_component_data_for_table" time="0.023" /><testcase classname="services.notification.notifiers.tests.unit.test_comment.TestComponentWriterSection" name="test_get_component_data_for_table_no_base" time="0.020" /><testcase classname="services.notification.notifiers.tests.unit.test_comment.TestComponentWriterSection" name="test_write_message_component_section" time="0.022" /><testcase classname="services.notification.notifiers.tests.unit.test_comment.TestComponentWriterSection" name="test_write_message_component_section_no_base" time="0.023" /><testcase classname="services.notification.notifiers.tests.unit.test_comment.TestCommentNotifierWelcome" name="test_build_message" time="0.021" /><testcase classname="services.notification.notifiers.tests.unit.test_generics.TestStandardkNotifier" name="test_is_enabled_without_site_settings" time="0.006" /><testcase classname="services.notification.notifiers.tests.unit.test_generics.TestStandardkNotifier" name="test_is_enabled_with_site_settings_no_special_config" time="0.007" /><testcase classname="services.notification.notifiers.tests.unit.test_generics.TestStandardkNotifier" name="test_is_enabled_with_site_settings_no_url" time="0.007" /><testcase classname="services.notification.notifiers.tests.unit.test_generics.TestStandardkNotifier" name="test_is_enabled_with_site_settings_whitelisted_url" time="0.006" /><testcase classname="services.notification.notifiers.tests.unit.test_generics.TestStandardkNotifier" name="test_is_enabled_with_site_settings_not_whitelisted_url" time="0.007" /><testcase classname="services.notification.notifiers.tests.unit.test_generics.TestStandardkNotifier" name="test_should_notify_comparison" time="0.013" /><testcase classname="services.notification.notifiers.tests.unit.test_generics.TestStandardkNotifier" name="test_should_notify_comparison_bad_branch" time="0.013" /><testcase classname="services.notification.notifiers.tests.unit.test_generics.TestStandardkNotifier" name="test_should_notify_comparison_good_branch" time="0.013" /><testcase classname="services.notification.notifiers.tests.unit.test_generics.TestStandardkNotifier" name="test_should_notify_comparison_not_above_threshold" time="0.014" /><testcase classname="services.notification.notifiers.tests.unit.test_generics.TestStandardkNotifier" name="test_should_notify_comparison_no_base" time="0.013" /><testcase classname="services.notification.notifiers.tests.unit.test_generics.TestStandardkNotifier" name="test_should_notify_comparison_is_above_threshold" time="0.014" /><testcase classname="services.notification.notifiers.tests.unit.test_generics.TestStandardkNotifier" name="test_should_notify_comparison_is_above_threshold_no_coverage" time="0.014" /><testcase classname="services.notification.notifiers.tests.unit.test_generics.TestStandardkNotifier" name="test_notify" time="0.015" /><testcase classname="services.notification.notifiers.tests.unit.test_generics.TestStandardkNotifier" name="test_notify_should_not_notify" time="0.016" /><testcase classname="services.notification.notifiers.tests.unit.test_generics.TestRequestsYamlBasedNotifier" name="test_send_notification_exception" time="0.025" /><testcase classname="services.notification.notifiers.tests.unit.test_gitter.TestGitterkNotifier" name="test_build_payload_without_special_config" time="0.021" /><testcase classname="services.notification.notifiers.tests.unit.test_hipchat.TestHipchatkNotifier" name="test_build_payload_without_special_config" time="0.020" /><testcase classname="services.notification.notifiers.tests.unit.test_hipchat.TestHipchatkNotifier" name="test_build_payload_without_base_report" time="0.019" /><testcase classname="services.notification.notifiers.tests.unit.test_hipchat.TestHipchatkNotifier" name="test_build_payload_with_card" time="0.019" /><testcase classname="services.notification.notifiers.tests.unit.test_irc.TestIRCNotifier" name="test_build_payload" time="0.018" /><testcase classname="services.notification.notifiers.tests.unit.test_irc.TestIRCNotifier" name="test_send_actual_notification" time="0.018" /><testcase classname="services.notification.notifiers.tests.unit.test_slack.TestSlackNotifier" name="test_build_payload_without_attachments" time="0.017" /><testcase classname="services.notification.notifiers.tests.unit.test_slack.TestSlackNotifier" name="test_build_payload_with_attachments" time="0.016" /><testcase classname="services.notification.notifiers.tests.unit.test_slack.TestSlackNotifier" name="test_build_payload_with_message" time="0.017" /><testcase classname="services.notification.notifiers.tests.unit.test_slack.TestSlackNotifier" name="test_build_payload_without_pull" time="0.015" /><testcase classname="services.notification.notifiers.tests.unit.test_slack.TestSlackNotifier" name="test_build_payload_without_base" time="0.016" /><testcase classname="services.notification.notifiers.tests.unit.test_status.TestBaseStatusNotifier" name="test_can_we_set_this_status_no_pull" time="0.013" /><testcase classname="services.notification.notifiers.tests.unit.test_status.TestBaseStatusNotifier" name="test_notify_after_n_builds_flags" time="0.016" /><testcase classname="services.notification.notifiers.tests.unit.test_status.TestBaseStatusNotifier" name="test_notify_after_n_builds_flags2" time="0.015" /><testcase classname="services.notification.notifiers.tests.unit.test_status.TestBaseStatusNotifier" name="test_notify_cannot_set_status" time="0.015" /><testcase classname="services.notification.notifiers.tests.unit.test_status.TestBaseStatusNotifier" name="test_notify_no_base" time="0.020" /><testcase classname="services.notification.notifiers.tests.unit.test_status.TestBaseStatusNotifier" name="test_notify_uncached" time="0.018" /><testcase classname="services.notification.notifiers.tests.unit.test_status.TestBaseStatusNotifier" name="test_notify_cached" time="0.017" /><testcase classname="services.notification.notifiers.tests.unit.test_status.TestBaseStatusNotifier" name="test_send_notification" time="0.021" /><testcase classname="services.notification.notifiers.tests.unit.test_status.TestBaseStatusNotifier" name="test_notify_analytics" time="0.022" /><testcase classname="services.notification.notifiers.tests.unit.test_status.TestBaseStatusNotifier" name="test_notify_analytics_enterprise" time="0.021" /><testcase classname="services.notification.notifiers.tests.unit.test_status.TestBaseStatusNotifier" name="test_determine_status_check_behavior_to_apply" time="0.014" /><testcase classname="services.notification.notifiers.tests.unit.test_status.TestBaseStatusNotifier" name="test_flag_coverage_was_uploaded_when_none_uploaded" time="0.027" /><testcase classname="services.notification.notifiers.tests.unit.test_status.TestBaseStatusNotifier" name="test_flag_coverage_was_uploaded_when_all_uploaded" time="0.026" /><testcase classname="services.notification.notifiers.tests.unit.test_status.TestBaseStatusNotifier" name="test_flag_coverage_was_uploaded_when_some_uploaded" time="0.027" /><testcase classname="services.notification.notifiers.tests.unit.test_status.TestBaseStatusNotifier" name="test_flag_coverage_was_uploaded_when_no_status_flags" time="0.034" /><testcase classname="services.notification.notifiers.tests.unit.test_status.TestProjectStatusNotifier" name="test_build_payload" time="0.022" /><testcase classname="services.notification.notifiers.tests.unit.test_status.TestProjectStatusNotifier" name="test_build_payload_passing_empty_upload" time="0.018" /><testcase classname="services.notification.notifiers.tests.unit.test_status.TestProjectStatusNotifier" name="test_build_payload_failing_empty_upload" time="0.019" /><testcase classname="services.notification.notifiers.tests.unit.test_status.TestProjectStatusNotifier" name="test_build_upgrade_payload" time="0.020" /><testcase classname="services.notification.notifiers.tests.unit.test_status.TestProjectStatusNotifier" name="test_build_payload_not_auto" time="0.021" /><testcase classname="services.notification.notifiers.tests.unit.test_status.TestProjectStatusNotifier" name="test_build_payload_not_auto_not_string" time="0.019" /><testcase classname="services.notification.notifiers.tests.unit.test_status.TestProjectStatusNotifier" name="test_build_payload_no_base_report" time="0.019" /><testcase classname="services.notification.notifiers.tests.unit.test_status.TestProjectStatusNotifier" name="test_notify_status_doesnt_exist" time="0.022" /><testcase classname="services.notification.notifiers.tests.unit.test_status.TestProjectStatusNotifier" name="test_notify_client_side_exception" time="0.019" /><testcase classname="services.notification.notifiers.tests.unit.test_status.TestProjectStatusNotifier" name="test_notify_server_side_exception" time="0.019" /><testcase classname="services.notification.notifiers.tests.unit.test_status.TestProjectStatusNotifier" name="test_notify_pass_behavior_when_coverage_not_uploaded" time="0.036" /><testcase classname="services.notification.notifiers.tests.unit.test_status.TestProjectStatusNotifier" name="test_notify_pass_behavior_when_coverage_uploaded" time="0.043" /><testcase classname="services.notification.notifiers.tests.unit.test_status.TestProjectStatusNotifier" name="test_notify_include_behavior_when_coverage_not_uploaded" time="0.039" /><testcase classname="services.notification.notifiers.tests.unit.test_status.TestProjectStatusNotifier" name="test_notify_exclude_behavior_when_coverage_not_uploaded" time="0.033" /><testcase classname="services.notification.notifiers.tests.unit.test_status.TestProjectStatusNotifier" name="test_notify_exclude_behavior_when_coverage_uploaded" time="0.036" /><testcase classname="services.notification.notifiers.tests.unit.test_status.TestProjectStatusNotifier" name="test_notify_exclude_behavior_when_some_coverage_uploaded" time="0.035" /><testcase classname="services.notification.notifiers.tests.unit.test_status.TestProjectStatusNotifier" name="test_notify_exclude_behavior_no_flags" time="0.035" /><testcase classname="services.notification.notifiers.tests.unit.test_status.TestProjectStatusNotifier" name="test_notify_path_filter" time="0.024" /><testcase classname="services.notification.notifiers.tests.unit.test_status.TestProjectStatusNotifier" name="test_notify_path_and_flags_filter_nothing_on_base" time="0.023" /><testcase classname="services.notification.notifiers.tests.unit.test_status.TestProjectStatusNotifier" name="test_notify_path_and_flags_filter_something_on_base" time="0.022" /><testcase classname="services.notification.notifiers.tests.unit.test_status.TestProjectStatusNotifier" name="test_notify_pass_via_removals_only_behavior" time="0.018" /><testcase classname="services.notification.notifiers.tests.unit.test_status.TestProjectStatusNotifier" name="test_notify_pass_adjust_base_behavior" time="0.019" /><testcase classname="services.notification.notifiers.tests.unit.test_status.TestProjectStatusNotifier" name="test_notify_removed_code_behavior_fail" time="0.017" /><testcase classname="services.notification.notifiers.tests.unit.test_status.TestProjectStatusNotifier" name="test_notify_adjust_base_behavior_fail" time="0.019" /><testcase classname="services.notification.notifiers.tests.unit.test_status.TestProjectStatusNotifier" name="test_notify_adjust_base_behavior_skips_if_target_coverage_defined" time="0.017" /><testcase classname="services.notification.notifiers.tests.unit.test_status.TestProjectStatusNotifier" name="test_notify_removed_code_behavior_unknown" time="0.016" /><testcase classname="services.notification.notifiers.tests.unit.test_status.TestProjectStatusNotifier" name="test_notify_fully_covered_patch_behavior_fail" time="0.052" /><testcase classname="services.notification.notifiers.tests.unit.test_status.TestProjectStatusNotifier" name="test_notify_fully_covered_patch_behavior_success" time="0.022" /><testcase classname="services.notification.notifiers.tests.unit.test_status.TestProjectStatusNotifier" name="test_notify_fully_covered_patch_behavior_no_coverage_change" time="0.019" /><testcase classname="services.notification.notifiers.tests.unit.test_status.TestPatchStatusNotifier" name="test_build_payload" time="0.021" /><testcase classname="services.notification.notifiers.tests.unit.test_status.TestPatchStatusNotifier" name="test_build_upgrade_payload" time="0.020" /><testcase classname="services.notification.notifiers.tests.unit.test_status.TestPatchStatusNotifier" name="test_build_payload_target_coverage_failure" time="0.020" /><testcase classname="services.notification.notifiers.tests.unit.test_status.TestPatchStatusNotifier" name="test_build_payload_not_auto_not_string" time="0.020" /><testcase classname="services.notification.notifiers.tests.unit.test_status.TestPatchStatusNotifier" name="test_build_payload_target_coverage_failure_within_threshold" time="0.021" /><testcase classname="services.notification.notifiers.tests.unit.test_status.TestPatchStatusNotifier" name="test_get_patch_status_bad_threshold" time="0.021" /><testcase classname="services.notification.notifiers.tests.unit.test_status.TestPatchStatusNotifier" name="test_get_patch_status_bad_threshold_fixed" time="0.021" /><testcase classname="services.notification.notifiers.tests.unit.test_status.TestPatchStatusNotifier" name="test_build_payload_no_diff" time="0.021" /><testcase classname="services.notification.notifiers.tests.unit.test_status.TestPatchStatusNotifier" name="test_build_payload_no_diff_no_base_report" time="0.018" /><testcase classname="services.notification.notifiers.tests.unit.test_status.TestPatchStatusNotifier" name="test_build_payload_without_base_report" time="0.019" /><testcase classname="services.notification.notifiers.tests.unit.test_status.TestPatchStatusNotifier" name="test_build_payload_with_multiple_changes" time="0.052" /><testcase classname="services.notification.notifiers.tests.unit.test_status.TestChangesStatusNotifier" name="test_build_payload" time="0.021" /><testcase classname="services.notification.notifiers.tests.unit.test_status.TestChangesStatusNotifier" name="test_build_upgrade_payload" time="0.022" /><testcase classname="services.notification.notifiers.tests.unit.test_status.TestChangesStatusNotifier" name="test_build_payload_with_multiple_changes" time="0.134" /><testcase classname="services.notification.notifiers.tests.unit.test_status.TestChangesStatusNotifier" name="test_build_payload_without_base_report" time="0.018" /><testcase classname="services.notification.notifiers.tests.unit.test_status.TestChangesStatusNotifier" name="test_notify_path_filter" time="0.023" /><testcase classname="services.notification.notifiers.tests.unit.test_status.TestChangesStatusNotifier" name="test_build_passing_empty_upload_payload" time="0.018" /><testcase classname="services.notification.notifiers.tests.unit.test_webhook.TestWebhookNotifier" name="test_build_commit_payload" time="0.019" /><testcase classname="services.notification.notifiers.tests.unit.test_webhook.TestWebhookNotifier" name="test_build_commit_payload_gitlab" time="0.016" /><testcase classname="services.notification.notifiers.tests.unit.test_webhook.TestWebhookNotifier" name="test_build_commit_payload_no_author" time="0.011" /><testcase classname="services.notification.notifiers.tests.unit.test_webhook.TestWebhookNotifier" name="test_build_payload" time="0.020" /><testcase classname="services.notification.notifiers.tests.unit.test_webhook.TestWebhookNotifier" name="test_build_payload_higher_precision" time="0.019" /><testcase classname="services.notification.notifiers.tests.unit.test_webhook.TestWebhookNotifier" name="test_build_payload_without_pull" time="0.016" /><testcase classname="services.notification.notifiers.tests.unit.test_webhook.TestWebhookNotifier" name="test_build_payload_without_base_report" time="0.016" /><testcase classname="services.notification.notifiers.tests.unit.test_webhook.TestWebhookNotifier" name="test_build_payload_without_base" time="0.015" /><testcase classname="services.notification.tests.unit.test_commit_notifications.TestCommitNotificationsServiceTestCase" name="test_create_or_update_commit_notification_not_yet_exists" time="0.017" /><testcase classname="services.notification.tests.unit.test_commit_notifications.TestCommitNotificationsServiceTestCase" name="test_create_or_update_commit_notification_no_result" time="0.015" /><testcase classname="services.notification.tests.unit.test_commit_notifications.TestCommitNotificationsServiceTestCase" name="test_create_or_update_commit_notification_decoration_change" time="0.016" /><testcase classname="services.notification.tests.unit.test_commit_notifications.TestCommitNotificationsServiceTestCase" name="test_create_or_update_commit_notification_now_successful" time="0.015" /><testcase classname="services.notification.tests.unit.test_notification_service.TestNotificationService" name="test_should_use_checks_notifier_yaml_field_false" time="0.005" /><testcase classname="services.notification.tests.unit.test_notification_service.TestNotificationService" name="test_should_use_checks_notifier_deprecated_flow[repo_data0-True]" time="0.005" /><testcase classname="services.notification.tests.unit.test_notification_service.TestNotificationService" name="test_should_use_checks_notifier_deprecated_flow[repo_data1-False]" time="0.005" /><testcase classname="services.notification.tests.unit.test_notification_service.TestNotificationService" name="test_should_use_checks_notifier_deprecated_flow[repo_data2-True]" time="0.005" /><testcase classname="services.notification.tests.unit.test_notification_service.TestNotificationService" name="test_should_use_checks_notifier_deprecated_flow[repo_data3-False]" time="0.005" /><testcase classname="services.notification.tests.unit.test_notification_service.TestNotificationService" name="test_should_use_checks_notifier_ghapp_all_repos_covered" time="0.008" /><testcase classname="services.notification.tests.unit.test_notification_service.TestNotificationService" name="test_should_use_checks_notifier_ghapp_some_repos_covered[codecov_app_installation]" time="0.008" /><testcase classname="services.notification.tests.unit.test_notification_service.TestNotificationService" name="test_should_use_checks_notifier_ghapp_some_repos_covered[notifications-app]" time="0.008" /><testcase classname="services.notification.tests.unit.test_notification_service.TestNotificationService" name="test_get_notifiers_instances_only_third_party" time="0.009" /><testcase classname="services.notification.tests.unit.test_notification_service.TestNotificationService" name="test_get_notifiers_instances_checks" time="0.010" /><testcase classname="services.notification.tests.unit.test_notification_service.TestNotificationService" name="test_get_notifiers_instances_checks_percentage_whitelist[codecov_app_installation]" time="0.010" /><testcase classname="services.notification.tests.unit.test_notification_service.TestNotificationService" name="test_get_notifiers_instances_checks_percentage_whitelist[notifications-app]" time="0.010" /><testcase classname="services.notification.tests.unit.test_notification_service.TestNotificationService" name="test_get_notifiers_instances_comment[codecov_app_installation]" time="0.009" /><testcase classname="services.notification.tests.unit.test_notification_service.TestNotificationService" name="test_get_notifiers_instances_comment[notifications-app]" time="0.008" /><testcase classname="services.notification.tests.unit.test_notification_service.TestNotificationService" name="test_notify_general_exception" time="0.021" /><testcase classname="services.notification.tests.unit.test_notification_service.TestNotificationService" name="test_notify_individual_notifier_timeout" time="0.018" /><testcase classname="services.notification.tests.unit.test_notification_service.TestNotificationService" name="test_notify_individual_checks_notifier" time="0.020" /><testcase classname="services.notification.tests.unit.test_notification_service.TestNotificationService" name="test_notify_individual_notifier_timeout_notification_created" time="0.018" /><testcase classname="services.notification.tests.unit.test_notification_service.TestNotificationService" name="test_notify_individual_notifier_notification_created_then_updated" time="0.022" /><testcase classname="services.notification.tests.unit.test_notification_service.TestNotificationService" name="test_notify_individual_notifier_cancellation" time="0.017" /><testcase classname="services.notification.tests.unit.test_notification_service.TestNotificationService" name="test_notify_timeout_exception" time="0.023" /><testcase classname="services.notification.tests.unit.test_notification_service.TestNotificationService" name="test_not_licensed_enterprise" time="0.014" /><testcase classname="services.notification.tests.unit.test_notification_service.TestNotificationService" name="test_get_statuses" time="0.012" /><testcase classname="services.notification.tests.unit.test_notification_service.TestNotificationService" name="test_get_component_statuses" time="0.012" /><testcase classname="services.report.parser.tests.unit.test_parsers" name="test_get_proper_parser[None-LegacyReportParser]" time="0.010" /><testcase classname="services.report.parser.tests.unit.test_parsers" name="test_get_proper_parser[upload_extras1-LegacyReportParser]" time="0.010" /><testcase classname="services.report.parser.tests.unit.test_parsers" name="test_get_proper_parser[upload_extras2-LegacyReportParser]" time="0.011" /><testcase classname="services.report.parser.tests.unit.test_parsers" name="test_get_proper_parser[upload_extras3-VersionOneReportParser]" time="0.010" /><testcase classname="services.report.parser.tests.unit.test_parsers" name="test_get_proper_parser[upload_extras4-VersionOneReportParser]" time="0.010" /><testcase classname="services.report.parser.tests.unit.test_parsers" name="test_get_proper_parser[upload_extras5-LegacyReportParser]" time="0.010" /><testcase classname="services.report.tests.unit.test_init" name="test_fetch_fail_raises" time="0.010" /><testcase classname="services.static_analysis.tests.unit.test_static_analysis_comparison" name="test_get_analysis_content_mapping" time="0.020" /><testcase classname="services.static_analysis.tests.unit.test_static_analysis_comparison.TestStaticAnalysisComparisonService" name="test_load_snapshot_data_unhappy_cases" time="0.012" /><testcase classname="services.static_analysis.tests.unit.test_static_analysis_comparison.TestStaticAnalysisComparisonService" name="test_load_snapshot_data_happy_cases" time="0.012" /><testcase classname="services.static_analysis.tests.unit.test_static_analysis_comparison.TestStaticAnalysisComparisonService" name="test_get_base_lines_relevant_to_change_deleted_plus_changed_normal" time="0.017" /><testcase classname="services.static_analysis.tests.unit.test_static_analysis_comparison.TestStaticAnalysisComparisonService" name="test_get_base_lines_relevant_to_change_one_new_file" time="0.016" /><testcase classname="services.static_analysis.tests.unit.test_static_analysis_comparison.TestStaticAnalysisComparisonService" name="test_analyze_single_change_first_line_file" time="0.013" /><testcase classname="services.static_analysis.tests.unit.test_static_analysis_comparison.TestStaticAnalysisComparisonService" name="test_analyze_single_change_base_change" time="0.014" /><testcase classname="services.static_analysis.tests.unit.test_static_analysis_comparison.TestStaticAnalysisComparisonService" name="test_analyze_single_change_base_change_missing_head_snapshot" time="0.093" /><testcase classname="services.static_analysis.tests.unit.test_static_analysis_comparison.TestStaticAnalysisComparisonService" name="test_analyze_single_change_function_based" time="0.013" /><testcase classname="services.static_analysis.tests.unit.test_static_analysis_comparison.TestStaticAnalysisComparisonService" name="test_analyze_single_change_no_static_analysis_found" time="0.014" /><testcase classname="services.static_analysis.tests.unit.test_static_analysis_comparison.TestStaticAnalysisComparisonService" name="test_analyze_single_change_function_based_no_function_found" time="0.013" /><testcase classname="services.tests.test_activation.TestActivationServiceTestCase" name="test_activate_user_no_seats" time="0.011" /><testcase classname="services.tests.test_activation.TestActivationServiceTestCase" name="test_activate_user_success" time="0.011" /><testcase classname="services.tests.test_activation.TestActivationServiceTestCase" name="test_activate_user_success_for_users_free" time="0.011" /><testcase classname="services.tests.test_activation.TestActivationServiceTestCase" name="test_activate_user_success_for_enterprise_pr_billing" time="0.017" /><testcase classname="services.tests.test_activation.TestActivationServiceTestCase" name="test_activate_user_success_user_org_overlap" time="0.017" /><testcase classname="services.tests.test_activation.TestActivationServiceTestCase" name="test_activate_user_failure_for_enterprise_pr_billing_no_seats" time="0.015" /><testcase classname="services.tests.test_activation.TestActivationServiceTestCase" name="test_activate_user_enterprise_pr_billing_invalid_license" time="0.010" /><testcase classname="services.tests.test_activation.TestActivationServiceTestCase" name="test_pr_billing_enterprise_no_seats_for_auto_actiavation" time="0.013" /><testcase classname="services.tests.test_ai_pr_review" name="test_perform_initial_review" time="0.089" /><testcase classname="services.tests.test_ai_pr_review" name="test_perform_duplicate_review" time="0.040" /><testcase classname="services.tests.test_ai_pr_review" name="test_perform_new_commit" time="0.159" /><testcase classname="services.tests.test_billing.TestBillingServiceTestCase" name="test_pr_author_plan_check" time="0.009" /><testcase classname="services.tests.test_billing.TestBillingServiceTestCase" name="test_pr_author_enterprise_plan_check" time="0.012" /><testcase classname="services.tests.test_billing.TestBillingServiceTestCase" name="test_plan_not_pr_author" time="0.009" /><testcase classname="services.tests.test_billing.TestBillingServiceTestCase" name="test_pr_author_enterprise_plan_check_non_pr_plan" time="0.011" /><testcase classname="services.tests.test_bots.TestBotsService" name="test_get_repo_appropriate_bot_token_via_installation_covered_repo" time="0.011" /><testcase classname="services.tests.test_bots.TestBotsService" name="test_get_owner_installation_id_no_installation_no_legacy_integration" time="0.005" /><testcase classname="services.tests.test_bots.TestBotsService" name="test_get_owner_installation_id_no_installation_yes_legacy_integration" time="0.005" /><testcase classname="services.tests.test_bots.TestBotsService" name="test_get_owner_installation_id_yes_installation_yes_legacy_integration" time="0.008" /><testcase classname="services.tests.test_bots.TestBotsService" name="test_get_owner_installation_id_yes_installation_yes_legacy_integration_specific_repos" time="0.008" /><testcase classname="services.tests.test_bots.TestBotsService" name="test__get_installation_weight[1-26]" time="0.085" /><testcase classname="services.tests.test_bots.TestBotsService" name="test__get_installation_weight[2-52]" time="0.023" /><testcase classname="services.tests.test_bots.TestBotsService" name="test__get_installation_weight[5-152]" time="0.024" /><testcase classname="services.tests.test_bots.TestBotsService" name="test__get_installation_weight[7-296]" time="0.023" /><testcase classname="services.tests.test_bots.TestBotsService" name="test__get_installation_weight[8-448]" time="0.023" /><testcase classname="services.tests.test_bots.TestBotsService" name="test__get_installation_weight[9-728]" time="0.022" /><testcase classname="services.tests.test_bots.TestBotsService" name="test__get_installation_weight[10-1200]" time="0.022" /><testcase classname="services.tests.test_bots.TestBotsService" name="test_get_owner_installation_id_multiple_apps_weights" time="0.149" /><testcase classname="services.tests.test_bots.TestBotsService" name="test_get_token_type_mapping_public_repo_no_configuration_no_particular_bot" time="0.013" /><testcase classname="services.tests.test_bots.TestBotsService" name="test_get_token_type_mapping_public_repo_only_tokenless_configuration_no_particular_bot" time="0.012" /><testcase classname="services.tests.test_bots.TestBotsService" name="test_get_token_type_mapping_public_repo_no_configuration" time="0.011" /><testcase classname="services.tests.test_bots.TestBotsService" name="test_get_token_type_mapping_public_repo_some_configuration" time="0.011" /><testcase classname="services.tests.test_bots.TestBotsService" name="test_get_token_type_mapping_public_repo_some_configuration_no_particular_bot" time="0.012" /><testcase classname="services.tests.test_bots.TestBotsService" name="test_get_token_type_mapping_public_repo_some_configuration_not_github_no_particular_bot" time="0.012" /><testcase classname="services.tests.test_bots.TestBotsService" name="test_get_token_type_mapping_public_repo_some_configuration_not_github" time="0.011" /><testcase classname="services.tests.test_bots.TestBotsService" name="test_get_token_type_mapping_private_repo_no_configuration" time="0.010" /><testcase classname="services.tests.test_bots.TestBotsService" name="test_get_token_type_mapping_public_repo_integration" time="0.011" /><testcase classname="services.tests.test_bots.TestBotsService" name="test_get_token_type_mapping_public_repo_no_integration_no_bot" time="0.012" /><testcase classname="services.tests.test_bundle_analysis" name="test_bundle_analysis_notify" time="0.041" /><testcase classname="services.tests.test_bundle_analysis" name="test_bundle_analysis_notify_size_decrease" time="0.034" /><testcase classname="services.tests.test_bundle_analysis" name="test_bundle_analysis_notify_size_unchanged" time="0.033" /><testcase classname="services.tests.test_bundle_analysis" name="test_bundle_analysis_notify_missing_commit_report" time="0.016" /><testcase classname="services.tests.test_bundle_analysis" name="test_bundle_analysis_notify_missing_bundle_report" time="0.020" /><testcase classname="services.tests.test_bundle_analysis" name="test_bundle_analysis_notify_missing_pull" time="0.029" /><testcase classname="services.tests.test_decoration.TestDecorationServiceTestCase" name="test_decoration_type_basic_plan_upload_limit" time="0.112" /><testcase classname="services.tests.test_decoration.TestDecorationServiceTestCase" name="test_decoration_type_team_plan_upload_limit" time="0.916" /><testcase classname="services.tests.test_decoration.TestDecorationServiceTestCase" name="test_decoration_type_unlimited_upload_on_enterprise" time="0.107" /><testcase classname="services.tests.test_decoration.TestDecorationServiceTestCase" name="test_uploads_used_with_expired_trial" time="0.019" /><testcase classname="services.tests.test_decoration.TestDecorationServiceTestCase" name="test_get_decoration_type_no_provider_pull" time="0.011" /><testcase classname="services.tests.test_decoration.TestDecorationServiceTestCase" name="test_get_decoration_type_public_repo" time="0.012" /><testcase classname="services.tests.test_decoration.TestDecorationServiceTestCase" name="test_get_decoration_type_not_pr_plan" time="0.012" /><testcase classname="services.tests.test_decoration.TestDecorationServiceTestCase" name="test_get_decoration_type_for_users_plan" time="0.025" /><testcase classname="services.tests.test_decoration.TestDecorationServiceTestCase" name="test_get_decoration_type_pr_author_not_in_db" time="0.014" /><testcase classname="services.tests.test_decoration.TestDecorationServiceTestCase" name="test_get_decoration_type_pr_author_manual_activation_required" time="0.020" /><testcase classname="services.tests.test_decoration.TestDecorationServiceTestCase" name="test_get_decoration_type_bot" time="0.016" /><testcase classname="services.tests.test_decoration.TestDecorationServiceTestCase" name="test_get_decoration_type_pr_author_already_active" time="0.016" /><testcase classname="services.tests.test_decoration.TestDecorationServiceTestCase" name="test_get_decoration_type_should_attempt_pr_author_auto_activation" time="0.020" /><testcase classname="services.tests.test_decoration.TestDecorationServiceTestCase" name="test_get_decoration_type_should_attempt_pr_author_auto_activation_users_free" time="0.019" /><testcase classname="services.tests.test_decoration.TestDecorationServiceTestCase" name="test_get_decoration_type_passing_empty_upload" time="0.012" /><testcase classname="services.tests.test_decoration.TestDecorationServiceTestCase" name="test_get_decoration_type_failing_empty_upload" time="0.012" /><testcase classname="services.tests.test_decoration.TestDecorationServiceTestCase" name="test_get_decoration_type_processing_upload" time="0.012" /><testcase classname="services.tests.test_decoration.TestDecorationServiceGitLabTestCase" name="test_get_decoration_type_not_pr_plan_gitlab_subgroup" time="0.016" /><testcase classname="services.tests.test_decoration.TestDecorationServiceGitLabTestCase" name="test_get_decoration_type_pr_author_not_in_db_gitlab_subgroup" time="0.016" /><testcase classname="services.tests.test_decoration.TestDecorationServiceGitLabTestCase" name="test_get_decoration_type_pr_author_manual_activation_required_gitlab_subgroup" time="0.024" /><testcase classname="services.tests.test_decoration.TestDecorationServiceGitLabTestCase" name="test_get_decoration_type_pr_author_already_active_subgroup" time="0.020" /><testcase classname="services.tests.test_decoration.TestDecorationServiceGitLabTestCase" name="test_get_decoration_type_should_attempt_pr_author_auto_activation" time="0.021" /><testcase classname="services.tests.test_decoration.TestDecorationServiceGitLabTestCase" name="test_get_decoration_type_owner_activated_users_null" time="0.019" /><testcase classname="services.tests.test_decoration.TestDecorationServiceGitLabTestCase" name="test_uploads_used_with_expired_trial" time="0.013" /><testcase classname="services.tests.test_flake_detector" name="test_flake_detector_failure_on_main" time="0.025" /><testcase classname="services.tests.test_flake_detector" name="test_flake_consecutive_differing_outcomes" time="0.031" /><testcase classname="services.tests.test_flake_detector" name="test_flake_consecutive_differing_outcomes_no_main_branch_specified" time="0.032" /><testcase classname="services.tests.test_flake_detector" name="test_flake_matching_failures_on_unrelated_branches" time="0.045" /><testcase classname="services.tests.test_flake_detector" name="test_flake_matching_failures_on_related_branches" time="0.046" /><testcase classname="services.tests.test_license.TestLicenseService" name="test_is_properly_licensed_doesnt_require_license" time="0.007" /><testcase classname="services.tests.test_license.TestLicenseService" name="test_is_properly_licensed_requires_license_doesnt_have_it" time="0.005" /><testcase classname="services.tests.test_license.TestLicenseService" name="test_is_properly_licensed_requires_license_has_it" time="0.006" /><testcase classname="services.tests.test_license.TestLicenseService" name="test_has_valid_license" time="0.006" /><testcase classname="services.tests.test_license.TestLicenseService" name="test_calculate_reason_for_not_being_valid_no_license" time="0.005" /><testcase classname="services.tests.test_license.TestLicenseService" name="test_calculate_reason_for_not_being_valid_bad_url" time="0.005" /><testcase classname="services.tests.test_license.TestLicenseService" name="test_calculate_reason_for_not_being_valid_simple_license" time="0.008" /><testcase classname="services.tests.test_license.TestLicenseService" name="test_calculate_reason_for_not_being_valid_too_many_owners" time="0.014" /><testcase classname="services.tests.test_license.TestLicenseService" name="test_calculate_reason_for_not_being_valid_too_many_plan_activated_users" time="0.007" /><testcase classname="services.tests.test_license.TestLicenseService" name="test_calculate_reason_for_not_being_valid_repos_exceeded" time="0.018" /><testcase classname="services.tests.test_license.TestLicenseService" name="test_calculate_reason_for_not_being_valid_repos_warning" time="0.017" /><testcase classname="services.tests.test_license.TestLicenseService" name="test_calculate_reason_for_not_being_valid_expired" time="0.017" /><testcase classname="services.tests.test_owner_service.TestOwnerServiceTestCase" name="test_get_owner_provider_service" time="0.007" /><testcase classname="services.tests.test_owner_service.TestOwnerServiceTestCase" name="test_get_owner_provider_service_other_service" time="0.008" /><testcase classname="services.tests.test_owner_service.TestOwnerServiceTestCase" name="test_get_owner_provider_service_different_bot" time="0.008" /><testcase classname="services.tests.test_report.TestReportService" name="test_build_report_from_commit_no_report_saved" time="0.011" /><testcase classname="services.tests.test_report.TestReportService" name="test_build_report_from_commit" time="0.028" /><testcase classname="services.tests.test_report.TestReportService" name="test_build_report_from_commit_with_flags" time="0.038" /><testcase classname="services.tests.test_report.TestReportService" name="test_build_report_from_commit_fallback" time="0.014" /><testcase classname="services.tests.test_report.TestReportService" name="test_create_new_report_for_commit" time="7.997" /><testcase classname="services.tests.test_report.TestReportService" name="test_create_new_report_for_commit_with_labels" time="13.869" /><testcase classname="services.tests.test_report.TestReportService" name="test_create_new_report_for_commit_is_called_as_generate" time="0.020" /><testcase classname="services.tests.test_report.TestReportService" name="test_build_report_from_commit_carriedforward_add_sessions" time="0.034" /><testcase classname="services.tests.test_report.TestReportService" name="test_build_report_from_commit_already_carriedforward_add_sessions" time="0.029" /><testcase classname="services.tests.test_report.TestReportService" name="test_create_new_report_for_commit_with_path_filters" time="0.024" /><testcase classname="services.tests.test_report.TestReportService" name="test_create_new_report_for_commit_no_flags" time="0.014" /><testcase classname="services.tests.test_report.TestReportService" name="test_create_new_report_for_commit_no_parent" time="0.019" /><testcase classname="services.tests.test_report.TestReportService" name="test_create_new_report_for_commit_parent_not_ready" time="0.038" /><testcase classname="services.tests.test_report.TestReportService" name="test_create_new_report_for_commit_parent_not_ready_but_skipped" time="0.035" /><testcase classname="services.tests.test_report.TestReportService" name="test_create_new_report_for_commit_too_many_ancestors_not_ready" time="0.036" /><testcase classname="services.tests.test_report.TestReportService" name="test_create_new_report_parent_had_no_parent_and_pending" time="0.022" /><testcase classname="services.tests.test_report.TestReportService" name="test_create_new_report_for_commit_potential_cf_but_not_real_cf" time="0.016" /><testcase classname="services.tests.test_report.TestReportService" name="test_create_new_report_for_commit_parent_has_no_report" time="0.015" /><testcase classname="services.tests.test_report.TestReportService" name="test_save_full_report" time="0.027" /><testcase classname="services.tests.test_report.TestReportService" name="test_save_report_empty_report" time="0.015" /><testcase classname="services.tests.test_report.TestReportService" name="test_save_report" time="0.017" /><testcase classname="services.tests.test_report.TestReportService" name="test_save_report_file_needing_repack" time="0.016" /><testcase classname="services.tests.test_report.TestReportService" name="test_initialize_and_save_report_brand_new" time="0.013" /><testcase classname="services.tests.test_report.TestReportService" name="test_initialize_and_save_report_report_but_no_details" time="0.013" /><testcase classname="services.tests.test_report.TestReportService" name="test_initialize_and_save_report_carryforward_needed" time="5.078" /><testcase classname="services.tests.test_report.TestReportService" name="test_initialize_and_save_report_report_but_no_details_carryforward_needed" time="5.083" /><testcase classname="services.tests.test_report.TestReportService" name="test_initialize_and_save_report_needs_backporting" time="0.051" /><testcase classname="services.tests.test_report.TestReportService" name="test_initialize_and_save_report_existing_report" time="0.018" /><testcase classname="services.tests.test_report.TestReportService" name="test_create_report_upload" time="0.011" /><testcase classname="services.tests.test_report.TestReportService" name="test_update_upload_with_processing_result_error" time="0.012" /><testcase classname="services.tests.test_report.TestReportService" name="test_update_upload_with_processing_result_success" time="0.012" /><testcase classname="services.tests.test_report.TestReportService" name="test_shift_carryforward_report" time="0.016" /><testcase classname="services.tests.test_report.TestReportService" name="test_create_new_report_for_commit_and_shift" time="0.025" /><testcase classname="services.tests.test_report.TestReportService" name="test_possibly_shift_carryforward_report_cant_get_diff" time="0.014" /><testcase classname="services.tests.test_report.TestReportService" name="test_possibly_shift_carryforward_report_bot_error" time="0.015" /><testcase classname="services.tests.test_report.TestReportService" name="test_possibly_shift_carryforward_report_random_processing_error" time="0.019" /><testcase classname="services.tests.test_report.TestReportService" name="test_possibly_shift_carryforward_report_softtimelimit_reraised" time="0.017" /><testcase classname="services.tests.test_repository_service" name="test__is_repo_using_integration_deprecated_flow[True]" time="0.005" /><testcase classname="services.tests.test_repository_service" name="test__is_repo_using_integration_deprecated_flow[False]" time="0.006" /><testcase classname="services.tests.test_repository_service" name="test__is_repo_using_integration_ghapp_covers_all_repos" time="0.009" /><testcase classname="services.tests.test_repository_service" name="test__is_repo_using_integration_ghapp_covers_some_repos" time="0.008" /><testcase classname="services.tests.test_repository_service.TestRepositoryServiceTestCase" name="test_get_repo_provider_service_github" time="0.008" /><testcase classname="services.tests.test_repository_service.TestRepositoryServiceTestCase" name="test_get_repo_provider_service_bitbucket" time="0.008" /><testcase classname="services.tests.test_repository_service.TestRepositoryServiceTestCase" name="test_get_repo_provider_service_with_token_refresh_callback" time="0.008" /><testcase classname="services.tests.test_repository_service.TestRepositoryServiceTestCase" name="test_get_repo_provider_service_repo_bot" time="0.009" /><testcase classname="services.tests.test_repository_service.TestRepositoryServiceTestCase" name="test_token_refresh_callback" time="0.011" /><testcase classname="services.tests.test_repository_service.TestRepositoryServiceTestCase" name="test_get_repo_provider_service_different_bot" time="0.008" /><testcase classname="services.tests.test_repository_service.TestRepositoryServiceTestCase" name="test_get_repo_provider_service_no_bot" time="0.009" /><testcase classname="services.tests.test_repository_service.TestRepositoryServiceTestCase" name="test_fetch_appropriate_parent_for_commit_grandparent" time="0.022" /><testcase classname="services.tests.test_repository_service.TestRepositoryServiceTestCase" name="test_fetch_appropriate_parent_for_commit_parent_has_no_message" time="0.022" /><testcase classname="services.tests.test_repository_service.TestRepositoryServiceTestCase" name="test_fetch_appropriate_parent_for_commit_parent_is_deleted" time="0.023" /><testcase classname="services.tests.test_repository_service.TestRepositoryServiceTestCase" name="test_fetch_appropriate_parent_for_commit_parent_has_no_message_but_nothing_better" time="0.024" /><testcase classname="services.tests.test_repository_service.TestRepositoryServiceTestCase" name="test_fetch_appropriate_parent_for_multiple_commit_parent_has_no_message_but_nothing_better" time="0.024" /><testcase classname="services.tests.test_repository_service.TestRepositoryServiceTestCase" name="test_fetch_appropriate_parent_for_commit_grandparent_wrong_repo_with_same" time="0.025" /><testcase classname="services.tests.test_repository_service.TestRepositoryServiceTestCase" name="test_fetch_appropriate_parent_for_commit_grandparents_wrong_repo" time="0.026" /><testcase classname="services.tests.test_repository_service.TestRepositoryServiceTestCase" name="test_fetch_appropriate_parent_for_commit_direct_parent" time="0.015" /><testcase classname="services.tests.test_repository_service.TestRepositoryServiceTestCase" name="test_fetch_appropriate_parent_for_commit_multiple_parents" time="0.016" /><testcase classname="services.tests.test_repository_service.TestRepositoryServiceTestCase" name="test_get_or_create_author_doesnt_exist" time="0.025" /><testcase classname="services.tests.test_repository_service.TestRepositoryServiceTestCase" name="test_get_or_create_author_already_exists" time="0.007" /><testcase classname="services.tests.test_repository_service.TestRepositoryServiceTestCase" name="test_update_commit_from_provider_info_no_author_id" time="0.016" /><testcase classname="services.tests.test_repository_service.TestRepositoryServiceTestCase" name="test_update_commit_from_provider_info_no_pullid_on_defaultbranch" time="0.019" /><testcase classname="services.tests.test_repository_service.TestRepositoryServiceTestCase" name="test_update_commit_from_provider_info_no_pullid_not_on_defaultbranch" time="0.021" /><testcase classname="services.tests.test_repository_service.TestRepositoryServiceTestCase" name="test_update_commit_from_provider_info_with_author_id" time="0.019" /><testcase classname="services.tests.test_repository_service.TestRepositoryServiceTestCase" name="test_update_commit_from_provider_info_pull_from_fork" time="0.018" /><testcase classname="services.tests.test_repository_service.TestRepositoryServiceTestCase" name="test_update_commit_from_provider_info_bitbucket_merge" time="0.018" /><testcase classname="services.tests.test_repository_service.TestRepositoryServiceTestCase" name="test_get_repo_gh_no_integration" time="0.009" /><testcase classname="services.tests.test_repository_service.TestPullRequestFetcher" name="test_fetch_and_update_pull_request_information_from_commit_new_pull_commits_in_place" time="0.020" /><testcase classname="services.tests.test_repository_service.TestPullRequestFetcher" name="test_fetch_and_update_pull_request_information_from_commit_existing_pull_commits_in_place" time="0.020" /><testcase classname="services.tests.test_repository_service.TestPullRequestFetcher" name="test_fetch_and_update_pull_request_multiple_pulls_same_repo" time="0.022" /><testcase classname="services.tests.test_repository_service.TestPullRequestFetcher" name="test_fetch_and_update_pull_request_information_from_commit_different_compared_to" time="0.022" /><testcase classname="services.tests.test_repository_service.TestPullRequ
[...]
bels.TestAdjustSession" name="test_adjust_sessions_no_cf[1]" time="0.008" /><testcase classname="services.report.tests.unit.test_sessions_encoded_labels.TestAdjustSession" name="test_adjust_sessions_full_cf_only" time="0.006" /><testcase classname="services.report.tests.unit.test_sessions_encoded_labels.TestAdjustSession" name="test_adjust_sessions_partial_cf_only_no_changes[0]" time="0.011" /><testcase classname="services.report.tests.unit.test_sessions_encoded_labels.TestAdjustSession" name="test_adjust_sessions_partial_cf_only_no_changes[1]" time="0.010" /><testcase classname="services.report.tests.unit.test_sessions_encoded_labels.TestAdjustSession" name="test_make_sure_label_indexes_match" time="0.005" /><testcase classname="services.report.tests.unit.test_sessions_encoded_labels.TestAdjustSession" name="test_adjust_sessions_partial_cf_only_some_changes" time="0.009" /><testcase classname="services.report.tests.unit.test_sessions_encoded_labels.TestAdjustSession" name="test_adjust_sessions_partial_cf_only_full_deletion_due_to_lost_labels" time="0.009" /><testcase classname="services.static_analysis.tests.unit.test_git_diff_parser.TestDiffChange" name="test_line_mapping_modified_file" time="0.004" /><testcase classname="services.static_analysis.tests.unit.test_git_diff_parser.TestDiffChange" name="test_line_mapping_deleted_file" time="0.003" /><testcase classname="services.static_analysis.tests.unit.test_git_diff_parser.TestDiffChange" name="test_line_mapping_binary_file" time="0.004" /><testcase classname="services.static_analysis.tests.unit.test_git_diff_parser.TestDiffChange" name="test_line_mapping_new_file" time="0.004" /><testcase classname="services.static_analysis.tests.unit.test_git_diff_parser.TestParseGitDiffJson" name="test_parse_git_diff_json_single_file" time="0.004" /><testcase classname="services.static_analysis.tests.unit.test_git_diff_parser.TestParseGitDiffJson" name="test_parse_git_diff_json_multiple_files" time="0.003" /><testcase classname="services.static_analysis.tests.unit.test_single_file_analyzer" name="test_simple_single_file_snapshot_analyzer_get_corresponding_executable_line" time="0.004" /><testcase classname="services.static_analysis.tests.unit.test_single_file_analyzer" name="test_get_antecessor_executable_line" time="0.004" /><testcase classname="services.tests.test_ai_pr_review" name="test_review_index" time="0.004" /><testcase classname="services.tests.test_bots.TestBotsService" name="test_get_repo_appropriate_bot_token_public_bot" time="0.006" /><testcase classname="services.tests.test_bots.TestBotsService" name="test_get_repo_appropriate_bot_enterprise_yes_bot" time="0.007" /><testcase classname="services.tests.test_bots.TestBotsService" name="test_get_repo_appropriate_bot_enterprise_no_bot" time="0.008" /><testcase classname="services.tests.test_bots.TestBotsService" name="test_get_repo_appropriate_bot_token_public_bot_without_key" time="0.006" /><testcase classname="services.tests.test_bots.TestBotsService" name="test_get_repo_appropriate_bot_token_repo_with_valid_bot" time="0.006" /><testcase classname="services.tests.test_bots.TestBotsService" name="test_get_repo_appropriate_bot_token_repo_with_invalid_bot_valid_owner_bot" time="0.006" /><testcase classname="services.tests.test_bots.TestBotsService" name="test_get_repo_appropriate_bot_token_repo_with_no_bot_valid_owner_bot" time="0.005" /><testcase classname="services.tests.test_bots.TestBotsService" name="test_get_repo_appropriate_bot_token_repo_with_no_bot_invalid_owner_bot" time="0.005" /><testcase classname="services.tests.test_bots.TestBotsService" name="test_get_repo_appropriate_bot_token_repo_with_no_oauth_token_at_all" time="0.005" /><testcase classname="services.tests.test_bots.TestBotsService" name="test_get_repo_appropriate_bot_token_repo_with_user_with_integration_bot_not_using_it" time="0.005" /><testcase classname="services.tests.test_bots.TestBotsService" name="test_get_repo_appropriate_bot_token_repo_with_user_with_integration_bot_using_it" time="0.026" /><testcase classname="services.tests.test_bots.TestBotsService" name="test_get_owner_appropriate_bot_token_owner_no_bot_no_integration" time="0.005" /><testcase classname="services.tests.test_bots.TestBotsService" name="test_get_owner_appropriate_bot_token_owner_has_bot_no_integration" time="0.005" /><testcase classname="services.tests.test_bots.TestBotsService" name="test_get_owner_appropriate_bot_token_repo_with_no_oauth_token_at_all" time="0.005" /><testcase classname="services.tests.test_bots.TestBotsService" name="test_get_owner_appropriate_bot_token_with_user_with_integration_bot_using_it" time="0.131" /><testcase classname="services.tests.test_bundle_analysis" name="test_bytes_readable" time="0.004" /><testcase classname="services.tests.test_commit_status.TestCommitStatus" name="test_ci_providers_no_config" time="0.005" /><testcase classname="services.tests.test_commit_status.TestCommitStatus" name="test_ci_providers_config_list" time="0.005" /><testcase classname="services.tests.test_commit_status.TestCommitStatus" name="test_ci_providers_config_string" time="0.005" /><testcase classname="services.tests.test_commit_status.TestRepositoryCIFilter" name="test_filter" time="0.004" /><testcase classname="services.tests.test_commit_status.TestRepositoryCIFilter" name="test_filter_jenkins_excluded" time="0.004" /><testcase classname="services.tests.test_decoration.TestDecorationServiceTestCase" name="test_get_decoration_type_no_pull" time="0.004" /><testcase classname="services.tests.test_decoration.TestDecorationServiceTestCase" name="test_is_bot_account[True-email-dependabot[bot]@users.noreply.github.com]" time="0.004" /><testcase classname="services.tests.test_decoration.TestDecorationServiceTestCase" name="test_is_bot_account[True-email-29139614+renovate[bot]@users.noreply.github.com]" time="0.005" /><testcase classname="services.tests.test_decoration.TestDecorationServiceTestCase" name="test_is_bot_account[True-service_id-29139614]" time="0.004" /><testcase classname="services.tests.test_decoration.TestDecorationServiceTestCase" name="test_is_bot_account[False-None-None]" time="0.005" /><testcase classname="services.tests.test_failure_normalizer" name="test_failure_normalizer" time="0.010" /><testcase classname="services.tests.test_failure_normalizer" name="test_failure_normalizer_ignore_predefined" time="0.004" /><testcase classname="services.tests.test_failure_normalizer" name="test_failure_normalizer_append_predefined" time="0.004" /><testcase classname="services.tests.test_failure_normalizer" name="test_failure_normalizer_overwrite_predefined" time="0.004" /><testcase classname="services.tests.test_failure_normalizer" name="test_failure_normalizer_filepath" time="0.004" /><testcase classname="services.tests.test_failure_normalizer" name="test_from_random_cases[def test_subtract():\n&amp;gt;       assert Calculator.subtract(1, 2) == 1.0\nE       assert -1 == 1.0\nE        +  where -1 = &amp;lt;function Calculator.subtract at 0x7f43b21a3130&amp;gt;(1, 2)\nE        +    where &amp;lt;function Calculator.subtract at 0x7f43b21a3130&amp;gt; = Calculator.subtract\n\napp/test_calculator.py:12: AssertionError&quot;\n-def test_subtract():\n&amp;gt;       assert Calculator.subtract(NO, NO) == NO\nE       assert NO == NO\nE        +  where NO = &amp;lt;function Calculator.subtract at HEXNUMBER&amp;gt;(NO, NO)\nE        +    where &amp;lt;function Calculator.subtract at HEXNUMBER&amp;gt; = Calculator.subtract\n\napp/test_calculator.pyLINENO AssertionError&quot;\n]" time="0.004" /><testcase classname="services.tests.test_failure_normalizer" name="test_from_random_cases[mocker = &amp;lt;pytest_mock.plugin.MockFixture object at 0x6ddc0ae62550&amp;gt;\nmock_configuration = &amp;lt;shared.config.ConfigHelper object at 0x54dc9bb7c210&amp;gt;\nchain = mocker.patch(&quot;tasks.upload.chain&quot;)\nstorage_path = (\n    &quot;v1/repos/testing/ed1bdd67-8fd2-4cdb-ac9e-39b99e4a3892/bundle_report.sqlite&quot;\n)\nmessage=&quot;&quot;,\ncommitid=&quot;abf6d4df662c47e32460020ab14abf9303581429&quot;,\ns = b'\\x592f6b514678496f4333336a54314f71774c744f7934524d4479517778715270446678487459344769777458454a584d632b61633349432f35636c52635659473330782f7a496b7a5053542b426333454d614c5635673d3d'\naltchars = None, validate = False\n-mocker = &amp;lt;pytest_mock.plugin.MockFixture object at HEXNUMBER&amp;gt;\nmock_configuration = &amp;lt;shared.config.ConfigHelper object at HEXNUMBER&amp;gt;\nchain = mocker.patch(&quot;tasks.upload.chain&quot;)\nstorage_path = (\n    &quot;FILEPATH/testing/UUID/bundle_report.sqlite&quot;\n)\nmessage=&quot;&quot;,\ncommitid=&quot;HASH&quot;,\ns = b'\\xHASH'\naltchars = None, validate = False\n]" time="0.004" /><testcase classname="services.tests.test_license.TestLicenseService" name="test_requires_license" time="0.006" /><testcase classname="services.tests.test_redis.TestRedis" name="test_get_redis_connection" time="0.006" /><testcase classname="services.tests.test_smtp.TestSMTP" name="test_correct_init" time="0.008" /><testcase classname="services.tests.test_smtp.TestSMTP" name="test_idempotentconnectionection" time="0.022" /><testcase classname="services.tests.test_smtp.TestSMTP" name="test_empty_config" time="0.005" /><testcase classname="services.tests.test_smtp.TestSMTP" name="test_send" time="0.017" /><testcase classname="services.tests.test_storage.TestStorage" name="test_get_storage_client" time="0.004" /><testcase classname="services.tests.test_template.TestTemplate" name="test_get_template" time="0.004" /><testcase classname="services.tests.test_template.TestTemplate" name="test_get_template_html" time="0.004" /><testcase classname="services.tests.test_template.TestTemplate" name="test_get_template_no_kwargs" time="0.004" /><testcase classname="services.tests.test_template.TestTemplate" name="test_get_template_non_existing" time="0.004" /><testcase classname="services.tests.test_urls" name="test_append_tracking_params_to_urls" time="0.004" /><testcase classname="services.tests.unit.test_archive_service.TestArchiveService" name="test_read_file_hard_to_decode" time="0.005" /><testcase classname="services.tests.unit.test_archive_service.TestArchiveService" name="test_delete_repo_files" time="0.006" /><testcase classname="services.yaml.tests.test_yaml.TestYamlService" name="test_get_final_yaml_no_yaml_no_config_yaml" time="0.005" /><testcase classname="services.yaml.tests.test_yaml.TestYamlService" name="test_get_final_yaml_empty_yaml_no_config_yaml" time="0.005" /><testcase classname="services.yaml.tests.test_yaml.TestYamlService" name="test_get_final_yaml_no_yaml" time="0.005" /><testcase classname="services.yaml.tests.test_yaml.TestYamlService" name="test_get_final_yaml_no_thing_set_at_all" time="0.038" /><testcase classname="services.yaml.tests.test_yaml.TestYamlService" name="test_get_final_yaml_owner_yaml" time="0.005" /><testcase classname="services.yaml.tests.test_yaml.TestYamlService" name="test_get_final_yaml_both_repo_and_commit_yaml" time="0.005" /><testcase classname="services.yaml.tests.test_yaml.TestYamlService" name="test_get_current_yaml" time="0.021" /><testcase classname="services.yaml.tests.test_yaml.TestYamlService" name="test_get_current_yaml_with_owner_yaml" time="0.022" /><testcase classname="services.yaml.tests.test_yaml_fetching.TestYamlSavingService" name="test_fetch_commit_yaml_from_provider" time="0.020" /><testcase classname="services.yaml.tests.test_yaml_parsing.TestYamlSavingService" name="test_parse_empty_yaml" time="0.004" /><testcase classname="services.yaml.tests.test_yaml_parsing.TestYamlSavingService" name="test_parse_invalid_yaml" time="0.004" /><testcase classname="services.yaml.tests.test_yaml_parsing.TestYamlSavingService" name="test_parse_simple_yaml" time="0.018" /><testcase classname="services.yaml.tests.test_yaml_parsing.TestYamlSavingService" name="test_parse_big_yaml_file" time="0.033" /><testcase classname="services.yaml.tests.test_yaml_reader.TestYamlReader" name="test_round_number" time="0.004" /><testcase classname="services.yaml.tests.test_yaml_reader.TestYamlReader" name="test_get_paths_from_flags" time="0.004" /><testcase classname="services.yaml.tests.test_yaml_reader.TestYamlReader" name="test_get_components_no_default" time="0.004" /><testcase classname="services.yaml.tests.test_yaml_reader.TestYamlReader" name="test_get_components_default_no_components" time="0.004" /><testcase classname="services.yaml.tests.test_yaml_reader.TestYamlReader" name="test_get_components_default_only" time="0.003" /><testcase classname="services.yaml.tests.test_yaml_reader.TestYamlReader" name="test_get_components_all" time="0.004" /><testcase classname="services.yaml.tests.test_yaml_saving.TestYamlSavingService" name="test_save_repo_yaml_to_database_if_needed" time="0.006" /><testcase classname="services.yaml.tests.test_yaml_saving.TestYamlSavingService" name="test_save_repo_yaml_to_database_if_needed_with_new_branch" time="0.005" /><testcase classname="services.yaml.tests.test_yaml_saving.TestYamlSavingService" name="test_save_repo_yaml_to_database_not_needed" time="0.005" /><testcase classname="tasks.tests.unit.test_base.TestBaseCodecovRequest" name="test_sample_task_timeout" time="0.021" /><testcase classname="tasks.tests.unit.test_base.TestBaseCodecovRequest" name="test_sample_task_hard_timeout" time="0.031" /><testcase classname="tasks.tests.unit.test_base.TestBaseCodecovTaskApplyAsyncOverride" name="test_apply_async_override" time="0.023" /><testcase classname="tasks.tests.unit.test_base.TestBaseCodecovTaskApplyAsyncOverride" name="test_apply_async_override_with_chain" time="0.024" /><testcase classname="tasks.tests.unit.test_clean_labels_index.TestCleanLabelsIndexSyncronization" name="test__is_currently_processing[sha_1-True]" time="0.005" /><testcase classname="tasks.tests.unit.test_clean_labels_index.TestCleanLabelsIndexSyncronization" name="test__is_currently_processing[sha_2-False]" time="0.005" /><testcase classname="tasks.tests.unit.test_find_uncollected_profiling_uploads.TestFindUncollectedProfilingsTask" name="test_get_min_seconds_interval_between_executions" time="0.004" /><testcase classname="tasks.tests.unit.test_github_app_webhooks_check.TestGHAppWebhooksTask" name="test_apply_time_filter" time="0.004" /><testcase classname="tasks.tests.unit.test_github_app_webhooks_check.TestGHAppWebhooksTask" name="test_apply_event_filter" time="0.004" /><testcase classname="tasks.tests.unit.test_github_app_webhooks_check.TestGHAppWebhooksTask" name="test_apply_status_filter" time="0.004" /><testcase classname="tasks.tests.unit.test_github_app_webhooks_check.TestGHAppWebhooksTask" name="test_apply_filters_to_deliveries" time="0.004" /><testcase classname="tasks.tests.unit.test_github_app_webhooks_check.TestGHAppWebhooksTask" name="test_request_redeliveries_return_early" time="0.006" /><testcase classname="tasks.tests.unit.test_healthcheck_task.TestHealthCheckTask" name="test_get_queue_names_default" time="0.005" /><testcase classname="tasks.tests.unit.test_healthcheck_task.TestHealthCheckTask" name="test_get_queue_names_some_config" time="0.005" /><testcase classname="tasks.tests.unit.test_healthcheck_task.TestHealthCheckTask" name="test_get_redis_config_celery_broker" time="0.006" /><testcase classname="tasks.tests.unit.test_healthcheck_task.TestHealthCheckTask" name="test_get_redis_no_celery_broker" time="0.007" /><testcase classname="tasks.tests.unit.test_label_analysis" name="test_get_executable_lines_labels_all_labels" time="0.004" /><testcase classname="tasks.tests.unit.test_label_analysis" name="test_get_executable_lines_labels_all_labels_in_one_file" time="0.004" /><testcase classname="tasks.tests.unit.test_label_analysis" name="test_get_executable_lines_labels_some_labels_in_one_file" time="0.004" /><testcase classname="tasks.tests.unit.test_label_analysis" name="test_get_executable_lines_labels_some_labels_in_one_file_with_globals" time="0.004" /><testcase classname="tasks.tests.unit.test_label_analysis" name="test_get_executable_lines_labels_some_labels_in_one_file_other_null" time="0.004" /><testcase classname="tasks.tests.unit.test_label_analysis" name="test_get_all_labels_one_session" time="0.004" /><testcase classname="tasks.tests.unit.test_label_analysis_encoded_labels" name="test_get_executable_lines_labels_all_labels" time="0.004" /><testcase classname="tasks.tests.unit.test_label_analysis_encoded_labels" name="test_get_executable_lines_labels_all_labels_in_one_file" time="0.004" /><testcase classname="tasks.tests.unit.test_label_analysis_encoded_labels" name="test_get_executable_lines_labels_some_labels_in_one_file" time="0.004" /><testcase classname="tasks.tests.unit.test_label_analysis_encoded_labels" name="test_get_executable_lines_labels_some_labels_in_one_file_with_globals" time="0.004" /><testcase classname="tasks.tests.unit.test_label_analysis_encoded_labels" name="test_get_executable_lines_labels_some_labels_in_one_file_other_null" time="0.004" /><testcase classname="tasks.tests.unit.test_label_analysis_encoded_labels" name="test_get_all_labels_one_session" time="0.004" /><testcase classname="tasks.tests.unit.test_label_analysis_encoded_labels" name="test___get_existing_labels_no_labels_in_report" time="0.004" /><testcase classname="tasks.tests.unit.test_preprocess_upload.TestPreProcessUpload" name="test_is_running" time="0.005" /><testcase classname="tasks.tests.unit.test_profiling_summarization" name="test_summarize_simple_case" time="0.004" /><testcase classname="tasks.tests.unit.test_sync_pull.TestPullSyncTask" name="test_was_pr_merged_with_squash" time="0.004" /><testcase classname="tasks.tests.unit.test_upload_finisher_task.TestShouldCleanLabelsIndex" name="test_should_clean_labels_index[processing_results0-True]" time="0.004" /><testcase classname="tasks.tests.unit.test_upload_finisher_task.TestShouldCleanLabelsIndex" name="test_should_clean_labels_index[processing_results1-False]" time="0.004" /><testcase classname="tasks.tests.unit.test_upload_finisher_task.TestShouldCleanLabelsIndex" name="test_should_clean_labels_index[processing_results2-True]" time="0.004" /><testcase classname="tasks.tests.unit.test_upload_finisher_task.TestShouldCleanLabelsIndex" name="test_should_clean_labels_index[processing_results3-False]" time="0.004" /><testcase classname="tasks.tests.unit.test_upload_finisher_task.TestShouldCleanLabelsIndex" name="test_should_clean_labels_index[processing_results4-True]" time="0.004" /><testcase classname="tasks.tests.unit.test_upload_processing_task" name="test_default_acks_late" time="0.004" /><testcase classname="tasks.tests.unit.test_upload_processing_task.TestUploadProcessorTask" name="test_schedule_for_later_try" time="0.005" /><testcase classname="tasks.tests.unit.test_upload_task.TestUploadTaskUnit" name="test_list_of_arguments" time="0.005" /><testcase classname="tasks.tests.unit.test_upload_task.TestUploadTaskUnit" name="test_is_currently_processing" time="0.005" /><testcase classname="tasks.tests.unit.test_upload_task.TestUploadTaskUnit" name="test_possibly_setup_webhooks_public_repo" time="0.012" /><testcase classname="tests.unit.test_main" name="test_get_queues_param_from_queue_input" time="0.004" /><testcase classname="tests.unit.test_main" name="test_run_empty_config" time="0.007" /><testcase classname="tests.unit.test_main" name="test_sys_path_append_on_enterprise" time="0.006" /><testcase classname="tests.unit.test_main" name="test_run_already_existing_root_storage" time="0.006" /><testcase classname="tests.unit.test_main" name="test_get_cli_help" time="0.005" /><testcase classname="tests.unit.test_main" name="test_deal_unsupported_commands" time="0.004" /><testcase classname="tests.unit.test_main" name="test_deal_worker_command_default" time="0.010" /><testcase classname="tests.unit.test_main" name="test_deal_worker_command" time="0.009" /><testcase classname="tests.unit.test_main" name="test_main" time="5.552" /></testsuite></testsuites>